2026-04-05 16:49:28 INFO  c.e.springapp.SpringappApplication - Starting SpringappApplication using Java 21.0.9 with PID 4288 (C:\Users\bommi\Desktop\work\TrainerHub\springapp\target\classes started by bommi in C:\Users\bommi\Desktop\work\TrainerHub\springapp)
2026-04-05 16:49:28 INFO  c.e.springapp.SpringappApplication - No active profile set, falling back to 1 default profile: "default"
2026-04-05 16:51:34 INFO  c.e.springapp.SpringappApplication - Starting SpringappApplication using Java 21.0.9 with PID 24712 (C:\Users\bommi\Desktop\work\TrainerHub\springapp\target\classes started by bommi in C:\Users\bommi\Desktop\work\TrainerHub\springapp)
2026-04-05 16:51:34 INFO  c.e.springapp.SpringappApplication - No active profile set, falling back to 1 default profile: "default"
2026-04-05 16:51:39 INFO  c.e.springapp.SpringappApplication - Started SpringappApplication in 5.577 seconds (process running for 6.043)
2026-04-05 16:55:38 INFO  c.e.springapp.SpringappApplication - Starting SpringappApplication using Java 21.0.9 with PID 24712 (C:\Users\bommi\Desktop\work\TrainerHub\springapp\target\classes started by bommi in C:\Users\bommi\Desktop\work\TrainerHub\springapp)
2026-04-05 16:55:38 INFO  c.e.springapp.SpringappApplication - No active profile set, falling back to 1 default profile: "default"
2026-04-05 16:55:39 INFO  c.e.springapp.SpringappApplication - Started SpringappApplication in 1.322 seconds (process running for 246.2)
2026-04-05 16:56:01 INFO  c.e.springapp.SpringappApplication - Starting SpringappApplication using Java 21.0.9 with PID 24712 (C:\Users\bommi\Desktop\work\TrainerHub\springapp\target\classes started by bommi in C:\Users\bommi\Desktop\work\TrainerHub\springapp)
2026-04-05 16:56:01 INFO  c.e.springapp.SpringappApplication - No active profile set, falling back to 1 default profile: "default"
2026-04-05 16:56:02 INFO  c.e.springapp.SpringappApplication - Started SpringappApplication in 1.209 seconds (process running for 269.749)
2026-04-05 16:56:06 INFO  c.e.springapp.SpringappApplication - Starting SpringappApplication using Java 21.0.9 with PID 24712 (C:\Users\bommi\Desktop\work\TrainerHub\springapp\target\classes started by bommi in C:\Users\bommi\Desktop\work\TrainerHub\springapp)
2026-04-05 16:56:06 INFO  c.e.springapp.SpringappApplication - No active profile set, falling back to 1 default profile: "default"
2026-04-05 16:56:08 INFO  c.e.springapp.SpringappApplication - Started SpringappApplication in 1.345 seconds (process running for 274.945)
2026-04-05 16:56:12 INFO  c.e.springapp.SpringappApplication - Starting SpringappApplication using Java 21.0.9 with PID 24712 (C:\Users\bommi\Desktop\work\TrainerHub\springapp\target\classes started by bommi in C:\Users\bommi\Desktop\work\TrainerHub\springapp)
2026-04-05 16:56:12 INFO  c.e.springapp.SpringappApplication - No active profile set, falling back to 1 default profile: "default"
2026-04-05 16:56:13 INFO  c.e.springapp.SpringappApplication - Started SpringappApplication in 1.198 seconds (process running for 280.027)
2026-04-05 16:56:22 INFO  c.e.springapp.SpringappApplication - Starting SpringappApplication using Java 21.0.9 with PID 24712 (C:\Users\bommi\Desktop\work\TrainerHub\springapp\target\classes started by bommi in C:\Users\bommi\Desktop\work\TrainerHub\springapp)
2026-04-05 16:56:22 INFO  c.e.springapp.SpringappApplication - No active profile set, falling back to 1 default profile: "default"
2026-04-05 16:56:26 INFO  c.e.springapp.SpringappApplication - Starting SpringappApplication using Java 21.0.9 with PID 24712 (C:\Users\bommi\Desktop\work\TrainerHub\springapp\target\classes started by bommi in C:\Users\bommi\Desktop\work\TrainerHub\springapp)
2026-04-05 16:56:26 INFO  c.e.springapp.SpringappApplication - No active profile set, falling back to 1 default profile: "default"
2026-04-05 16:57:32 INFO  c.e.springapp.SpringappApplication - Starting SpringappApplication using Java 21.0.9 with PID 24712 (C:\Users\bommi\Desktop\work\TrainerHub\springapp\target\classes started by bommi in C:\Users\bommi\Desktop\work\TrainerHub\springapp)
2026-04-05 16:57:32 INFO  c.e.springapp.SpringappApplication - No active profile set, falling back to 1 default profile: "default"
2026-04-05 16:57:34 INFO  c.e.springapp.SpringappApplication - Started SpringappApplication in 1.09 seconds (process running for 360.846)
2026-04-05 16:57:46 INFO  c.e.springapp.SpringappApplication - Starting SpringappApplication using Java 21.0.9 with PID 24712 (C:\Users\bommi\Desktop\work\TrainerHub\springapp\target\classes started by bommi in C:\Users\bommi\Desktop\work\TrainerHub\springapp)
2026-04-05 16:57:46 INFO  c.e.springapp.SpringappApplication - No active profile set, falling back to 1 default profile: "default"
2026-04-05 16:57:48 INFO  c.e.springapp.SpringappApplication - Started SpringappApplication in 1.692 seconds (process running for 375.276)
2026-04-05 16:57:54 INFO  c.e.springapp.SpringappApplication - Starting SpringappApplication using Java 21.0.9 with PID 24712 (C:\Users\bommi\Desktop\work\TrainerHub\springapp\target\classes started by bommi in C:\Users\bommi\Desktop\work\TrainerHub\springapp)
2026-04-05 16:57:54 INFO  c.e.springapp.SpringappApplication - No active profile set, falling back to 1 default profile: "default"
2026-04-05 16:57:55 INFO  c.e.springapp.SpringappApplication - Started SpringappApplication in 1.369 seconds (process running for 382.799)
2026-04-05 16:57:58 INFO  c.e.springapp.SpringappApplication - Starting SpringappApplication using Java 21.0.9 with PID 24712 (C:\Users\bommi\Desktop\work\TrainerHub\springapp\target\classes started by bommi in C:\Users\bommi\Desktop\work\TrainerHub\springapp)
2026-04-05 16:57:58 INFO  c.e.springapp.SpringappApplication - No active profile set, falling back to 1 default profile: "default"
2026-04-05 16:58:00 INFO  c.e.springapp.SpringappApplication - Started SpringappApplication in 1.305 seconds (process running for 386.89)
2026-04-05 16:59:54 INFO  c.e.springapp.SpringappApplication - Starting SpringappApplication using Java 21.0.9 with PID 24712 (C:\Users\bommi\Desktop\work\TrainerHub\springapp\target\classes started by bommi in C:\Users\bommi\Desktop\work\TrainerHub\springapp)
2026-04-05 16:59:54 INFO  c.e.springapp.SpringappApplication - No active profile set, falling back to 1 default profile: "default"
2026-04-05 16:59:56 INFO  c.e.springapp.SpringappApplication - Started SpringappApplication in 1.792 seconds (process running for 503.245)
2026-04-05 17:01:41 INFO  c.e.springapp.SpringappApplication - Starting SpringappApplication using Java 21.0.9 with PID 21332 (C:\Users\bommi\Desktop\work\TrainerHub\springapp\target\classes started by bommi in C:\Users\bommi\Desktop\work\TrainerHub\springapp)
2026-04-05 17:01:41 INFO  c.e.springapp.SpringappApplication - No active profile set, falling back to 1 default profile: "default"
2026-04-05 17:01:48 INFO  c.e.springapp.SpringappApplication - Started SpringappApplication in 6.953 seconds (process running for 7.649)
2026-04-05 17:02:13 INFO  c.e.springapp.SpringappApplication - Starting SpringappApplication using Java 21.0.9 with PID 27428 (C:\Users\bommi\Desktop\work\TrainerHub\springapp\target\classes started by bommi in C:\Users\bommi\Desktop\work\TrainerHub\springapp)
2026-04-05 17:02:13 INFO  c.e.springapp.SpringappApplication - No active profile set, falling back to 1 default profile: "default"
2026-04-05 17:02:18 INFO  c.e.springapp.SpringappApplication - Started SpringappApplication in 5.297 seconds (process running for 5.776)
2026-04-05 17:02:35 INFO  c.e.s.controller.AuthController - Received registration request for user: bommiharsha7@gmail.com
2026-04-05 17:02:35 INFO  c.e.s.controller.AuthController - User registered successfully: bommiharsha7@gmail.com
2026-04-05 17:02:35 INFO  c.e.s.controller.AuthController - User details: ID=2, Username=harsha, Email=bommiharsha7@gmail.com, Mobile=1234567890
2026-04-05 17:02:45 INFO  c.e.s.controller.AuthController - Login attempt for user: bommiharsha7@gmail.com
2026-04-05 17:02:54 INFO  c.e.s.controller.AuthController - Login attempt for user: bommiharsha7@gmail.com
2026-04-05 17:04:08 INFO  c.e.s.controller.AuthController - Received registration request for user: bommiharsha7@gmail.com
2026-04-05 17:04:08 INFO  c.e.s.controller.AuthController - User registered successfully: bommiharsha7@gmail.com
2026-04-05 17:04:08 INFO  c.e.s.controller.AuthController - User details: ID=3, Username=harsha, Email=bommiharsha7@gmail.com, Mobile=1234567890
2026-04-05 17:04:20 INFO  c.e.s.controller.AuthController - Login attempt for user: bommiharsha7@gmail.com
2026-04-05 17:14:04 INFO  c.e.s.controller.AuthController - Received registration request for user: raj@gmail.com
2026-04-05 17:14:05 INFO  c.e.s.controller.AuthController - User registered successfully: raj@gmail.com
2026-04-05 17:14:05 INFO  c.e.s.controller.AuthController - User details: ID=4, Username=raj, Email=raj@gmail.com, Mobile=0987654321
2026-04-05 17:14:21 INFO  c.e.s.controller.AuthController - Login attempt for user: raj@gmail.com
2026-04-05 17:14:21 INFO  c.examly.springapp.config.JwtUtils - token generated
2026-04-05 17:14:21 INFO  c.e.s.controller.AuthController - Login successful for user: raj
2026-04-05 17:14:21 INFO  c.e.s.controller.AuthController - Generated token: eyJhbGciOiJIUzI1NiJ9.eyJyb2xlIjoiTWFuYWdlciIsIm5hbWUiOiJyYWoiLCJ1c2VySWQiOjQsImVtYWlsIjoicmFqQGdtYWlsLmNvbSIsInN1YiI6InJhakBnbWFpbC5jb20iLCJpYXQiOjE3NzUzODk0NjEsImV4cCI6MTc3NTQ3NTg2MX0.8AeNXLGZwoOHsiULAWXsX2n8L_mH7Ty61iL8BA2YuSE
2026-04-05 19:50:09 INFO  c.e.springapp.SpringappApplication - Starting SpringappApplication using Java 21.0.9 with PID 27428 (C:\Users\bommi\Desktop\work\TrainerHub\springapp\target\classes started by bommi in C:\Users\bommi\Desktop\work\TrainerHub\springapp)
2026-04-05 19:50:09 INFO  c.e.springapp.SpringappApplication - No active profile set, falling back to 1 default profile: "default"
2026-04-05 19:50:11 INFO  c.e.springapp.SpringappApplication - Started SpringappApplication in 3.072 seconds (process running for 10079.285)
2026-04-05 19:50:13 INFO  c.e.springapp.SpringappApplication - Starting SpringappApplication using Java 21.0.9 with PID 27428 (C:\Users\bommi\Desktop\work\TrainerHub\springapp\target\classes started by bommi in C:\Users\bommi\Desktop\work\TrainerHub\springapp)
2026-04-05 19:50:13 INFO  c.e.springapp.SpringappApplication - No active profile set, falling back to 1 default profile: "default"
2026-04-05 19:50:15 INFO  c.e.springapp.SpringappApplication - Started SpringappApplication in 1.596 seconds (process running for 10082.588)
2026-04-05 19:50:30 INFO  c.e.springapp.SpringappApplication - Starting SpringappApplication using Java 21.0.9 with PID 27428 (C:\Users\bommi\Desktop\work\TrainerHub\springapp\target\classes started by bommi in C:\Users\bommi\Desktop\work\TrainerHub\springapp)
2026-04-05 19:50:30 INFO  c.e.springapp.SpringappApplication - No active profile set, falling back to 1 default profile: "default"
2026-04-05 19:50:32 INFO  c.e.springapp.SpringappApplication - Started SpringappApplication in 1.213 seconds (process running for 10099.382)
2026-04-05 19:51:25 INFO  c.e.springapp.SpringappApplication - Starting SpringappApplication using Java 21.0.9 with PID 27428 (C:\Users\bommi\Desktop\work\TrainerHub\springapp\target\classes started by bommi in C:\Users\bommi\Desktop\work\TrainerHub\springapp)
2026-04-05 19:51:25 INFO  c.e.springapp.SpringappApplication - No active profile set, falling back to 1 default profile: "default"
2026-04-05 19:51:27 INFO  c.e.springapp.SpringappApplication - Started SpringappApplication in 1.242 seconds (process running for 10154.543)
2026-04-05 19:51:45 INFO  c.e.springapp.SpringappApplication - Starting SpringappApplication using Java 21.0.9 with PID 27428 (C:\Users\bommi\Desktop\work\TrainerHub\springapp\target\classes started by bommi in C:\Users\bommi\Desktop\work\TrainerHub\springapp)
2026-04-05 19:51:45 INFO  c.e.springapp.SpringappApplication - No active profile set, falling back to 1 default profile: "default"
2026-04-05 19:51:46 INFO  c.e.springapp.SpringappApplication - Started SpringappApplication in 1.205 seconds (process running for 10173.734)
2026-04-05 19:51:49 INFO  c.e.springapp.SpringappApplication - Starting SpringappApplication using Java 21.0.9 with PID 27428 (C:\Users\bommi\Desktop\work\TrainerHub\springapp\target\classes started by bommi in C:\Users\bommi\Desktop\work\TrainerHub\springapp)
2026-04-05 19:51:49 INFO  c.e.springapp.SpringappApplication - No active profile set, falling back to 1 default profile: "default"
2026-04-05 19:51:50 INFO  c.e.springapp.SpringappApplication - Started SpringappApplication in 1.435 seconds (process running for 10177.955)
2026-04-05 19:52:47 INFO  c.e.springapp.SpringappApplication - Starting SpringappApplication using Java 21.0.9 with PID 27428 (C:\Users\bommi\Desktop\work\TrainerHub\springapp\target\classes started by bommi in C:\Users\bommi\Desktop\work\TrainerHub\springapp)
2026-04-05 19:52:47 INFO  c.e.springapp.SpringappApplication - No active profile set, falling back to 1 default profile: "default"
2026-04-05 19:52:48 INFO  c.e.springapp.SpringappApplication - Started SpringappApplication in 1.808 seconds (process running for 10236.126)
2026-04-05 19:52:50 INFO  c.e.springapp.SpringappApplication - Starting SpringappApplication using Java 21.0.9 with PID 27428 (C:\Users\bommi\Desktop\work\TrainerHub\springapp\target\classes started by bommi in C:\Users\bommi\Desktop\work\TrainerHub\springapp)
2026-04-05 19:52:50 INFO  c.e.springapp.SpringappApplication - No active profile set, falling back to 1 default profile: "default"
2026-04-05 19:52:51 INFO  c.e.springapp.SpringappApplication - Started SpringappApplication in 1.385 seconds (process running for 10239.137)
2026-04-05 20:17:41 INFO  c.e.springapp.SpringappApplication - Starting SpringappApplication using Java 21.0.9 with PID 27428 (C:\Users\bommi\Desktop\work\TrainerHub\springapp\target\classes started by bommi in C:\Users\bommi\Desktop\work\TrainerHub\springapp)
2026-04-05 20:17:41 INFO  c.e.springapp.SpringappApplication - No active profile set, falling back to 1 default profile: "default"
2026-04-05 20:17:44 INFO  c.e.springapp.SpringappApplication - Starting SpringappApplication using Java 21.0.9 with PID 27428 (C:\Users\bommi\Desktop\work\TrainerHub\springapp\target\classes started by bommi in C:\Users\bommi\Desktop\work\TrainerHub\springapp)
2026-04-05 20:17:44 INFO  c.e.springapp.SpringappApplication - No active profile set, falling back to 1 default profile: "default"
2026-04-05 20:17:47 INFO  c.e.springapp.SpringappApplication - Starting SpringappApplication using Java 21.0.9 with PID 27428 (C:\Users\bommi\Desktop\work\TrainerHub\springapp\target\classes started by bommi in C:\Users\bommi\Desktop\work\TrainerHub\springapp)
2026-04-05 20:17:47 INFO  c.e.springapp.SpringappApplication - No active profile set, falling back to 1 default profile: "default"
2026-04-05 20:17:49 INFO  c.e.springapp.SpringappApplication - Started SpringappApplication in 2.226 seconds (process running for 11737.264)
2026-04-05 20:43:07 INFO  c.e.s.controller.AuthController - Received registration request for user: jar@gmail.com
2026-04-05 20:43:07 INFO  c.e.s.controller.AuthController - User registered successfully: jar@gmail.com
2026-04-05 20:43:07 INFO  c.e.s.controller.AuthController - User details: ID=1, Username=jar, Email=jar@gmail.com, Mobile=0987654321
2026-04-05 20:43:24 INFO  c.e.s.controller.AuthController - Login attempt for user: jar@gmail.com
2026-04-05 20:43:24 INFO  c.examly.springapp.config.JwtUtils - token generated
2026-04-05 20:43:24 INFO  c.e.s.controller.AuthController - Login successful for user: jar
2026-04-05 20:43:24 INFO  c.e.s.controller.AuthController - Generated token: eyJhbGciOiJIUzI1NiJ9.eyJyb2xlIjoiQ29vcmRpbmF0b3IiLCJuYW1lIjoiamFyIiwidXNlcklkIjoxLCJlbWFpbCI6ImphckBnbWFpbC5jb20iLCJzdWIiOiJqYXJAZ21haWwuY29tIiwiaWF0IjoxNzc1NDAyMDA0LCJleHAiOjE3NzU0ODg0MDR9.5sjLS61x2kICvq13u0MGv44JqDI2aEbaGAiUjfoeGPw
2026-04-05 20:43:29 INFO  c.e.s.controller.AuthController - Request to get all users
2026-04-05 20:43:29 INFO  c.e.s.controller.FeedbackController - Fetching feedbacks for page: 0 and size: 10
2026-04-05 20:43:29 INFO  c.e.s.controller.AuthController - Total users retrieved: 1
2026-04-05 20:43:29 INFO  c.e.s.controller.FeedbackController - Fetched feedbacks: Page 1 of 0 containing UNKNOWN instances
2026-04-05 20:44:48 INFO  c.e.s.controller.TrainerController - Received request to add trainer: Trainer(trainerId=null, name=fdf, email=daniolmo@gmail.com, phone=6534565432, expertise=skill, experience=2, certification=aws, resume=, joiningDate=2026-04-01, status=Active, feedbacks=[], requirements=[])
2026-04-05 20:44:48 INFO  c.e.s.controller.TrainerController - Trainer added successfully: Trainer(trainerId=1, name=fdf, email=daniolmo@gmail.com, phone=6534565432, expertise=skill, experience=2, certification=aws, resume=, joiningDate=2026-04-01, status=Active, feedbacks=[], requirements=[])
2026-04-05 20:44:48 INFO  c.e.s.controller.TrainerController - Fetching trainers for page: 0 and size: 10
2026-04-05 20:44:49 INFO  c.e.s.controller.TrainerController - Trainers fetched successfully for page: 0 and size: 10
2026-04-05 20:44:55 INFO  c.e.s.controller.AuthController - Request to get all users
2026-04-05 20:44:55 INFO  c.e.s.controller.AuthController - Total users retrieved: 1
2026-04-05 20:44:55 INFO  c.e.s.controller.FeedbackController - Fetching feedbacks for page: 0 and size: 10
2026-04-05 20:44:55 INFO  c.e.s.controller.FeedbackController - Fetched feedbacks: Page 1 of 0 containing UNKNOWN instances
2026-04-05 20:45:03 INFO  c.e.s.controller.TrainerController - Request to get all trainers
2026-04-05 20:45:03 INFO  c.e.s.controller.TrainerController - Fetching all trainers from the database
2026-04-05 20:45:03 INFO  c.e.s.controller.TrainerController - Total trainers retrieved: 1
2026-04-05 20:45:03 INFO  c.e.s.c.RequirementController - Fetching requirements for page: 0, size: 10
2026-04-05 20:45:09 INFO  c.e.s.controller.TrainerController - Fetching trainers for page: 0 and size: 10
2026-04-05 20:45:09 INFO  c.e.s.controller.TrainerController - Trainers fetched successfully for page: 0 and size: 10
2026-04-05 20:45:50 INFO  c.e.s.controller.AuthController - Request to get all users
2026-04-05 20:45:50 INFO  c.e.s.controller.FeedbackController - Fetching feedbacks for page: 0 and size: 10
2026-04-05 20:45:50 INFO  c.e.s.controller.AuthController - Total users retrieved: 1
2026-04-05 20:45:50 INFO  c.e.s.controller.FeedbackController - Fetched feedbacks: Page 1 of 0 containing UNKNOWN instances
2026-04-05 20:46:02 INFO  c.e.s.controller.TrainerController - Fetching trainers for page: 0 and size: 10
2026-04-05 20:46:02 INFO  c.e.s.controller.TrainerController - Trainers fetched successfully for page: 0 and size: 10
2026-04-05 20:46:30 INFO  c.e.s.controller.AuthController - Login attempt for user: raj@gmail.com
2026-04-05 20:46:45 INFO  c.e.s.controller.AuthController - Login attempt for user: raj@gmail.com
2026-04-05 20:46:55 INFO  c.e.s.controller.AuthController - Login attempt for user: raj@gmail.com
2026-04-05 20:51:24 INFO  c.e.s.controller.AuthController - Login attempt for user: raj@gmail.com
2026-04-05 20:51:34 INFO  c.e.s.controller.AuthController - Login attempt for user: raj@gmail.com
2026-04-05 20:56:18 INFO  c.e.springapp.SpringappApplication - Starting SpringappApplication using Java 21.0.9 with PID 27428 (C:\Users\bommi\Desktop\work\TrainerHub\springapp\target\classes started by bommi in C:\Users\bommi\Desktop\work\TrainerHub\springapp)
2026-04-05 20:56:18 INFO  c.e.springapp.SpringappApplication - No active profile set, falling back to 1 default profile: "default"
2026-04-05 20:56:21 INFO  c.e.springapp.SpringappApplication - Started SpringappApplication in 3.327 seconds (process running for 14048.708)
2026-04-05 20:56:22 INFO  c.e.springapp.SpringappApplication - Starting SpringappApplication using Java 21.0.9 with PID 27428 (C:\Users\bommi\Desktop\work\TrainerHub\springapp\target\classes started by bommi in C:\Users\bommi\Desktop\work\TrainerHub\springapp)
2026-04-05 20:56:22 INFO  c.e.springapp.SpringappApplication - No active profile set, falling back to 1 default profile: "default"
2026-04-05 20:56:24 INFO  c.e.springapp.SpringappApplication - Started SpringappApplication in 1.636 seconds (process running for 14051.918)
2026-04-05 20:56:31 INFO  c.e.springapp.SpringappApplication - Starting SpringappApplication using Java 21.0.9 with PID 27428 (C:\Users\bommi\Desktop\work\TrainerHub\springapp\target\classes started by bommi in C:\Users\bommi\Desktop\work\TrainerHub\springapp)
2026-04-05 20:56:31 INFO  c.e.springapp.SpringappApplication - No active profile set, falling back to 1 default profile: "default"
2026-04-05 20:56:33 INFO  c.e.springapp.SpringappApplication - Started SpringappApplication in 1.676 seconds (process running for 14060.488)
2026-04-05 20:56:34 INFO  c.e.springapp.SpringappApplication - Starting SpringappApplication using Java 21.0.9 with PID 27428 (C:\Users\bommi\Desktop\work\TrainerHub\springapp\target\classes started by bommi in C:\Users\bommi\Desktop\work\TrainerHub\springapp)
2026-04-05 20:56:34 INFO  c.e.springapp.SpringappApplication - No active profile set, falling back to 1 default profile: "default"
2026-04-05 20:56:36 INFO  c.e.springapp.SpringappApplication - Started SpringappApplication in 1.619 seconds (process running for 14063.717)
2026-04-05 20:56:38 INFO  c.e.springapp.SpringappApplication - Starting SpringappApplication using Java 21.0.9 with PID 27428 (C:\Users\bommi\Desktop\work\TrainerHub\springapp\target\classes started by bommi in C:\Users\bommi\Desktop\work\TrainerHub\springapp)
2026-04-05 20:56:38 INFO  c.e.springapp.SpringappApplication - No active profile set, falling back to 1 default profile: "default"
2026-04-05 20:56:39 INFO  c.e.springapp.SpringappApplication - Started SpringappApplication in 1.594 seconds (process running for 14067.007)
2026-04-05 20:56:42 INFO  c.e.springapp.SpringappApplication - Starting SpringappApplication using Java 21.0.9 with PID 27428 (C:\Users\bommi\Desktop\work\TrainerHub\springapp\target\classes started by bommi in C:\Users\bommi\Desktop\work\TrainerHub\springapp)
2026-04-05 20:56:42 INFO  c.e.springapp.SpringappApplication - No active profile set, falling back to 1 default profile: "default"
2026-04-05 20:56:43 INFO  c.e.springapp.SpringappApplication - Started SpringappApplication in 1.455 seconds (process running for 14071.033)
2026-04-05 20:56:46 INFO  c.e.springapp.SpringappApplication - Starting SpringappApplication using Java 21.0.9 with PID 27428 (C:\Users\bommi\Desktop\work\TrainerHub\springapp\target\classes started by bommi in C:\Users\bommi\Desktop\work\TrainerHub\springapp)
2026-04-05 20:56:46 INFO  c.e.springapp.SpringappApplication - No active profile set, falling back to 1 default profile: "default"
2026-04-05 20:56:48 INFO  c.e.springapp.SpringappApplication - Started SpringappApplication in 1.176 seconds (process running for 14075.391)
2026-04-05 20:56:51 INFO  c.e.springapp.SpringappApplication - Starting SpringappApplication using Java 21.0.9 with PID 27428 (C:\Users\bommi\Desktop\work\TrainerHub\springapp\target\classes started by bommi in C:\Users\bommi\Desktop\work\TrainerHub\springapp)
2026-04-05 20:56:51 INFO  c.e.springapp.SpringappApplication - No active profile set, falling back to 1 default profile: "default"
2026-04-05 20:56:53 INFO  c.e.springapp.SpringappApplication - Started SpringappApplication in 1.681 seconds (process running for 14080.833)
2026-04-05 20:56:55 INFO  c.e.springapp.SpringappApplication - Starting SpringappApplication using Java 21.0.9 with PID 27428 (C:\Users\bommi\Desktop\work\TrainerHub\springapp\target\classes started by bommi in C:\Users\bommi\Desktop\work\TrainerHub\springapp)
2026-04-05 20:56:55 INFO  c.e.springapp.SpringappApplication - No active profile set, falling back to 1 default profile: "default"
2026-04-05 20:56:56 INFO  c.e.springapp.SpringappApplication - Started SpringappApplication in 1.758 seconds (process running for 14084.204)
2026-04-05 20:56:58 INFO  c.e.springapp.SpringappApplication - Starting SpringappApplication using Java 21.0.9 with PID 27428 (C:\Users\bommi\Desktop\work\TrainerHub\springapp\target\classes started by bommi in C:\Users\bommi\Desktop\work\TrainerHub\springapp)
2026-04-05 20:56:58 INFO  c.e.springapp.SpringappApplication - No active profile set, falling back to 1 default profile: "default"
2026-04-05 20:56:59 INFO  c.e.springapp.SpringappApplication - Started SpringappApplication in 1.296 seconds (process running for 14087.068)
2026-04-07 00:00:35 INFO  c.e.springapp.SpringappApplication - Starting SpringappApplication using Java 21.0.9 with PID 26248 (C:\Users\bommi\Desktop\work\TrainerHub\springapp\target\classes started by bommi in C:\Users\bommi\Desktop\work\TrainerHub\springapp)
2026-04-07 00:00:35 INFO  c.e.springapp.SpringappApplication - No active profile set, falling back to 1 default profile: "default"
2026-04-07 00:00:41 INFO  c.e.springapp.SpringappApplication - Started SpringappApplication in 6.438 seconds (process running for 7.048)
2026-04-07 00:02:35 INFO  c.e.springapp.SpringappApplication - Starting SpringappApplication using Java 21.0.9 with PID 26248 (C:\Users\bommi\Desktop\work\TrainerHub\springapp\target\classes started by bommi in C:\Users\bommi\Desktop\work\TrainerHub\springapp)
2026-04-07 00:02:35 INFO  c.e.springapp.SpringappApplication - No active profile set, falling back to 1 default profile: "default"
